<?xml version="1.0" encoding="UTF-8"?>
<!-- Generated by org.testng.reporters.JUnitXMLReporter -->
<testsuite ignored="0" hostname="DESKTOP-0MGR9KI" failures="0" tests="6" name="Default test" time="67.796" errors="0" timestamp="2022-07-15T06:35:19 ICT">
  <testcase classname="com.telemarket.task.test.TLMKT_TestLogin" name="testSPVLogin_validUsernamePassword" time="29.544"/>
  <testcase classname="com.telemarket.task.test.TLMKT_TestLogin" name="testSPVLogin_validUsername_invalidPassword" time="2.799"/>
  <testcase classname="com.telemarket.task.test.TLMKT_TestLogin" name="testSPVLogin_invalidUsernamePassword" time="2.648"/>
  <testcase classname="com.telemarket.task.test.TLMKT_TestLogin" name="testSPVLogin_emptyUsernamePassword" time="2.825"/>
  <testcase classname="com.telemarket.task.test.TLMKT_TestLogin" name="testSPVLogin_validUsernamePassword_btnGreenAtUsername" time="7.273"/>
  <testcase classname="com.telemarket.task.test.TLMKT_TestLogin" name="testSPVLogin_validUsernamePassword_btnGreenAtPassword" time="7.285"/>
</testsuite> <!-- Default test -->
